2025-09-23 14:24:20,147 - domain.inspector - ERROR - [_create_domain_logger:90] - Domain logger 'inspector' initialized at 2025-09-23 14:24:20.147897
2025-09-23 14:24:20,147 - domain.inspector - ERROR - [log_api_error:140] - {
  "timestamp": "2025-09-23T14:24:20.147897",
  "domain": "inspector",
  "endpoint": "/api/v1/inspectors/test-error",
  "method": "GET",
  "error_type": "Exception",
  "error_message": "This is a test exception to verify logging functionality",
  "status_code": 500,
  "user_id": null,
  "stack_trace": "Traceback (most recent call last):\n  File \"C:\\Users\\tashan\\Documents\\code\\inspection mangment\\backend\\app\\domains\\inspector\\api\\inspector.py\", line 24, in test_error_logging\n    raise Exception(\"This is a test exception to verify logging functionality\")\nException: This is a test exception to verify logging functionality\n"
}
2025-09-23 14:29:12,224 - domain.inspector - ERROR - [_create_domain_logger:90] - Domain logger 'inspector' initialized at 2025-09-23 14:29:12.224191
2025-09-23 14:29:12,242 - domain.inspector - ERROR - [log_api_error:140] - {
  "timestamp": "2025-09-23T14:29:12.242026",
  "domain": "inspector",
  "endpoint": "/api/v1/inspectors/test-error",
  "method": "GET",
  "error_type": "Exception",
  "error_message": "This is a test exception to verify logging functionality",
  "status_code": 500,
  "user_id": null,
  "stack_trace": "Traceback (most recent call last):\n  File \"C:\\Users\\tashan\\Documents\\code\\inspection mangment\\backend\\app\\domains\\inspector\\api\\inspector.py\", line 24, in test_error_logging\n    raise Exception(\"This is a test exception to verify logging functionality\")\nException: This is a test exception to verify logging functionality\n"
}
2025-09-23 14:30:30,036 - domain.inspector - ERROR - [log_api_error:140] - {
  "timestamp": "2025-09-23T14:30:30.036900",
  "domain": "inspector",
  "endpoint": "/api/v1/inspectors/",
  "method": "POST",
  "error_type": "HTTPException",
  "error_message": "",
  "status_code": 400,
  "user_id": 1,
  "request_data": {
    "first_name": "ali",
    "last_name": "hozhabrian",
    "employee_id": "231215",
    "national_id": "2457650054",
    "email": "wegewis530@inupup.com",
    "phone": "09176664824",
    "years_experience": 0,
    "date_of_birth": "2025-09-11",
    "username": null,
    "password": "[REDACTED]",
    "can_login": false,
    "active": false,
    "attendance_tracking_enabled": false,
    "education_degree": null,
    "education_field": null,
    "education_institute": null,
    "graduation_year": null,
    "birth_place": "jam",
    "profile_image_url": null,
    "marital_status": "MARRIED",
    "base_hourly_rate": null,
    "overtime_multiplier": 1.5,
    "night_shift_multiplier": 1.3,
    "on_call_multiplier": 2.0
  },
  "stack_trace": "Traceback (most recent call last):\n  File \"C:\\Users\\tashan\\Documents\\code\\inspection mangment\\backend\\app\\domains\\inspector\\api\\inspector.py\", line 210, in create_inspector\n    raise HTTPException(\nfastapi.exceptions.HTTPException\n"
}
2025-09-23 14:34:51,417 - domain.inspector - ERROR - [_create_domain_logger:90] - Domain logger 'inspector' initialized at 2025-09-23 14:34:51.417563
2025-09-23 14:34:51,417 - domain.inspector - ERROR - [log_api_error:140] - {
  "timestamp": "2025-09-23T14:34:51.417563",
  "domain": "inspector",
  "endpoint": "/api/v1/inspectors/test-error",
  "method": "GET",
  "error_type": "Exception",
  "error_message": "This is a test exception to verify logging functionality",
  "status_code": 500,
  "user_id": null,
  "stack_trace": "Traceback (most recent call last):\n  File \"C:\\Users\\tashan\\Documents\\code\\inspection mangment\\backend\\app\\domains\\inspector\\api\\inspector.py\", line 24, in test_error_logging\n    raise Exception(\"This is a test exception to verify logging functionality\")\nException: This is a test exception to verify logging functionality\n"
}
2025-09-23 14:36:33,700 - domain.inspector - ERROR - [log_api_error:140] - {
  "timestamp": "2025-09-23T14:36:33.700670",
  "domain": "inspector",
  "endpoint": "/api/v1/inspectors/test-error",
  "method": "GET",
  "error_type": "Exception",
  "error_message": "This is a test exception to verify logging functionality",
  "status_code": 500,
  "user_id": null,
  "stack_trace": "Traceback (most recent call last):\n  File \"C:\\Users\\tashan\\Documents\\code\\inspection mangment\\backend\\app\\domains\\inspector\\api\\inspector.py\", line 24, in test_error_logging\n    raise Exception(\"This is a test exception to verify logging functionality\")\nException: This is a test exception to verify logging functionality\n"
}
2025-09-23 14:47:17,857 - domain.inspector - ERROR - [log_api_error:140] - {
  "timestamp": "2025-09-23T14:47:17.857083",
  "domain": "inspector",
  "endpoint": "/api/v1/inspectors/",
  "method": "POST",
  "error_type": "HTTPException",
  "error_message": "Employee ID '231215' already exists",
  "status_code": 400,
  "user_id": 1,
  "request_data": {
    "first_name": "ali",
    "last_name": "hozhabrian",
    "employee_id": "231215",
    "national_id": "2457650054",
    "email": "wegewis530@inupup.com",
    "phone": "09176664824",
    "years_experience": 0,
    "date_of_birth": "2025-09-11",
    "username": null,
    "password": "[REDACTED]",
    "can_login": false,
    "active": false,
    "attendance_tracking_enabled": false,
    "education_degree": null,
    "education_field": null,
    "education_institute": null,
    "graduation_year": null,
    "birth_place": "jam",
    "profile_image_url": null,
    "marital_status": "MARRIED",
    "base_hourly_rate": null,
    "overtime_multiplier": 1.5,
    "night_shift_multiplier": 1.3,
    "on_call_multiplier": 2.0
  },
  "stack_trace": "Traceback (most recent call last):\n  File \"C:\\Users\\tashan\\Documents\\code\\inspection mangment\\backend\\app\\domains\\inspector\\api\\inspector.py\", line 210, in create_inspector\n    raise HTTPException(\nfastapi.exceptions.HTTPException\n"
}
2025-09-23 14:47:37,218 - domain.inspector - ERROR - [log_api_error:140] - {
  "timestamp": "2025-09-23T14:47:37.218512",
  "domain": "inspector",
  "endpoint": "/api/v1/inspectors/",
  "method": "POST",
  "error_type": "HTTPException",
  "error_message": "National ID '2457650054' already exists",
  "status_code": 400,
  "user_id": 1,
  "request_data": {
    "first_name": "ali",
    "last_name": "hozhabrian",
    "employee_id": "231218",
    "national_id": "2457650054",
    "email": "wegewis530@inupup.com",
    "phone": "09176664824",
    "years_experience": 0,
    "date_of_birth": "2025-09-11",
    "username": null,
    "password": "[REDACTED]",
    "can_login": false,
    "active": false,
    "attendance_tracking_enabled": false,
    "education_degree": null,
    "education_field": null,
    "education_institute": null,
    "graduation_year": null,
    "birth_place": "jam",
    "profile_image_url": null,
    "marital_status": "MARRIED",
    "base_hourly_rate": null,
    "overtime_multiplier": 1.5,
    "night_shift_multiplier": 1.3,
    "on_call_multiplier": 2.0
  },
  "stack_trace": "Traceback (most recent call last):\n  File \"C:\\Users\\tashan\\Documents\\code\\inspection mangment\\backend\\app\\domains\\inspector\\api\\inspector.py\", line 219, in create_inspector\n    raise HTTPException(\nfastapi.exceptions.HTTPException\n"
}
2025-09-23 14:47:51,740 - domain.inspector - ERROR - [log_api_error:140] - {
  "timestamp": "2025-09-23T14:47:51.740868",
  "domain": "inspector",
  "endpoint": "/api/v1/inspectors/",
  "method": "POST",
  "error_type": "HTTPException",
  "error_message": "Email 'wegewis530@inupup.com' already exists",
  "status_code": 400,
  "user_id": 1,
  "request_data": {
    "first_name": "ali",
    "last_name": "hozhabrian",
    "employee_id": "231218",
    "national_id": "2457650098",
    "email": "wegewis530@inupup.com",
    "phone": "09176664824",
    "years_experience": 0,
    "date_of_birth": "2025-09-11",
    "username": null,
    "password": "[REDACTED]",
    "can_login": false,
    "active": false,
    "attendance_tracking_enabled": false,
    "education_degree": null,
    "education_field": null,
    "education_institute": null,
    "graduation_year": null,
    "birth_place": "jam",
    "profile_image_url": null,
    "marital_status": "MARRIED",
    "base_hourly_rate": null,
    "overtime_multiplier": 1.5,
    "night_shift_multiplier": 1.3,
    "on_call_multiplier": 2.0
  },
  "stack_trace": "Traceback (most recent call last):\n  File \"C:\\Users\\tashan\\Documents\\code\\inspection mangment\\backend\\app\\domains\\inspector\\api\\inspector.py\", line 229, in create_inspector\n    raise HTTPException(\nfastapi.exceptions.HTTPException\n"
}
2025-09-27 04:44:12,854 - domain.inspector - ERROR - [_create_domain_logger:90] - Domain logger 'inspector' initialized at 2025-09-27 04:44:12.854390
2025-09-27 04:44:12,857 - domain.inspector - ERROR - [log_api_error:140] - {
  "timestamp": "2025-09-27T04:44:12.854390",
  "domain": "inspector",
  "endpoint": "/api/v1/inspector/documents/2/preview",
  "method": "GET",
  "error_type": "Exception",
  "error_message": "Could not validate credentials - authentication failed",
  "status_code": 401,
  "user_id": null,
  "stack_trace": "NoneType: None\n"
}
2025-09-27 04:44:12,859 - domain.inspector - ERROR - [log_api_error:140] - {
  "timestamp": "2025-09-27T04:44:12.859396",
  "domain": "inspector",
  "endpoint": "/api/v1/inspector/documents/3/preview",
  "method": "GET",
  "error_type": "Exception",
  "error_message": "Could not validate credentials - authentication failed",
  "status_code": 401,
  "user_id": null,
  "stack_trace": "NoneType: None\n"
}
2025-09-27 04:48:14,408 - domain.inspector - ERROR - [_create_domain_logger:90] - Domain logger 'inspector' initialized at 2025-09-27 04:48:14.408100
2025-09-27 04:48:14,408 - domain.inspector - ERROR - [log_api_error:140] - {
  "timestamp": "2025-09-27T04:48:14.408100",
  "domain": "inspector",
  "endpoint": "/api/v1/inspector/documents/3/preview",
  "method": "GET",
  "error_type": "Exception",
  "error_message": "Could not validate credentials - authentication failed",
  "status_code": 401,
  "user_id": null,
  "stack_trace": "NoneType: None\n"
}
2025-09-27 04:48:14,409 - domain.inspector - ERROR - [log_api_error:140] - {
  "timestamp": "2025-09-27T04:48:14.408100",
  "domain": "inspector",
  "endpoint": "/api/v1/inspector/documents/2/preview",
  "method": "GET",
  "error_type": "Exception",
  "error_message": "Could not validate credentials - authentication failed",
  "status_code": 401,
  "user_id": null,
  "stack_trace": "NoneType: None\n"
}
2025-09-27 04:49:37,218 - domain.inspector - ERROR - [log_api_error:140] - {
  "timestamp": "2025-09-27T04:49:37.218164",
  "domain": "inspector",
  "endpoint": "/api/v1/inspector/documents/2/preview",
  "method": "GET",
  "error_type": "Exception",
  "error_message": "Could not validate credentials - authentication failed",
  "status_code": 401,
  "user_id": null,
  "stack_trace": "NoneType: None\n"
}
2025-09-27 04:49:37,328 - domain.inspector - ERROR - [log_api_error:140] - {
  "timestamp": "2025-09-27T04:49:37.328516",
  "domain": "inspector",
  "endpoint": "/api/v1/inspector/documents/3/preview",
  "method": "GET",
  "error_type": "Exception",
  "error_message": "Could not validate credentials - authentication failed",
  "status_code": 401,
  "user_id": null,
  "stack_trace": "NoneType: None\n"
}
2025-09-27 04:50:04,910 - domain.inspector - ERROR - [log_api_error:140] - {
  "timestamp": "2025-09-27T04:50:04.909936",
  "domain": "inspector",
  "endpoint": "/api/v1/inspector/documents/2/preview",
  "method": "GET",
  "error_type": "Exception",
  "error_message": "Could not validate credentials - authentication failed",
  "status_code": 401,
  "user_id": null,
  "stack_trace": "NoneType: None\n"
}
2025-09-27 04:50:05,080 - domain.inspector - ERROR - [log_api_error:140] - {
  "timestamp": "2025-09-27T04:50:05.080590",
  "domain": "inspector",
  "endpoint": "/api/v1/inspector/documents/3/preview",
  "method": "GET",
  "error_type": "Exception",
  "error_message": "Could not validate credentials - authentication failed",
  "status_code": 401,
  "user_id": null,
  "stack_trace": "NoneType: None\n"
}
2025-09-27 04:50:10,941 - domain.inspector - ERROR - [log_api_error:140] - {
  "timestamp": "2025-09-27T04:50:10.941826",
  "domain": "inspector",
  "endpoint": "/api/v1/inspector/documents/2/preview",
  "method": "GET",
  "error_type": "Exception",
  "error_message": "Could not validate credentials - authentication failed",
  "status_code": 401,
  "user_id": null,
  "stack_trace": "NoneType: None\n"
}
2025-09-27 04:50:10,942 - domain.inspector - ERROR - [log_api_error:140] - {
  "timestamp": "2025-09-27T04:50:10.942586",
  "domain": "inspector",
  "endpoint": "/api/v1/inspector/documents/3/preview",
  "method": "GET",
  "error_type": "Exception",
  "error_message": "Could not validate credentials - authentication failed",
  "status_code": 401,
  "user_id": null,
  "stack_trace": "NoneType: None\n"
}
2025-09-27 04:50:15,395 - domain.inspector - ERROR - [log_api_error:140] - {
  "timestamp": "2025-09-27T04:50:15.395925",
  "domain": "inspector",
  "endpoint": "/api/v1/inspector/documents/2/preview",
  "method": "GET",
  "error_type": "Exception",
  "error_message": "Could not validate credentials - authentication failed",
  "status_code": 401,
  "user_id": null,
  "stack_trace": "NoneType: None\n"
}
2025-09-27 04:50:15,400 - domain.inspector - ERROR - [log_api_error:140] - {
  "timestamp": "2025-09-27T04:50:15.399943",
  "domain": "inspector",
  "endpoint": "/api/v1/inspector/documents/3/preview",
  "method": "GET",
  "error_type": "Exception",
  "error_message": "Could not validate credentials - authentication failed",
  "status_code": 401,
  "user_id": null,
  "stack_trace": "NoneType: None\n"
}
2025-09-27 04:50:30,681 - domain.inspector - ERROR - [log_api_error:140] - {
  "timestamp": "2025-09-27T04:50:30.681000",
  "domain": "inspector",
  "endpoint": "/api/v1/inspector/documents/2/preview",
  "method": "GET",
  "error_type": "Exception",
  "error_message": "Could not validate credentials - authentication failed",
  "status_code": 401,
  "user_id": null,
  "stack_trace": "NoneType: None\n"
}
2025-09-27 04:50:30,682 - domain.inspector - ERROR - [log_api_error:140] - {
  "timestamp": "2025-09-27T04:50:30.682372",
  "domain": "inspector",
  "endpoint": "/api/v1/inspector/documents/3/preview",
  "method": "GET",
  "error_type": "Exception",
  "error_message": "Could not validate credentials - authentication failed",
  "status_code": 401,
  "user_id": null,
  "stack_trace": "NoneType: None\n"
}
2025-09-27 04:50:37,132 - domain.inspector - ERROR - [log_api_error:140] - {
  "timestamp": "2025-09-27T04:50:37.132268",
  "domain": "inspector",
  "endpoint": "/api/v1/inspector/documents/2/preview",
  "method": "GET",
  "error_type": "Exception",
  "error_message": "Could not validate credentials - authentication failed",
  "status_code": 401,
  "user_id": null,
  "stack_trace": "NoneType: None\n"
}
2025-09-27 04:50:37,173 - domain.inspector - ERROR - [log_api_error:140] - {
  "timestamp": "2025-09-27T04:50:37.173409",
  "domain": "inspector",
  "endpoint": "/api/v1/inspector/documents/3/preview",
  "method": "GET",
  "error_type": "Exception",
  "error_message": "Could not validate credentials - authentication failed",
  "status_code": 401,
  "user_id": null,
  "stack_trace": "NoneType: None\n"
}
2025-09-27 04:50:40,762 - domain.inspector - ERROR - [log_api_error:140] - {
  "timestamp": "2025-09-27T04:50:40.762631",
  "domain": "inspector",
  "endpoint": "/api/v1/inspector/documents/2/preview",
  "method": "GET",
  "error_type": "Exception",
  "error_message": "Could not validate credentials - authentication failed",
  "status_code": 401,
  "user_id": null,
  "stack_trace": "NoneType: None\n"
}
2025-09-27 04:50:40,768 - domain.inspector - ERROR - [log_api_error:140] - {
  "timestamp": "2025-09-27T04:50:40.768619",
  "domain": "inspector",
  "endpoint": "/api/v1/inspector/documents/3/preview",
  "method": "GET",
  "error_type": "Exception",
  "error_message": "Could not validate credentials - authentication failed",
  "status_code": 401,
  "user_id": null,
  "stack_trace": "NoneType: None\n"
}
2025-09-27 04:50:56,287 - domain.inspector - ERROR - [log_api_error:140] - {
  "timestamp": "2025-09-27T04:50:56.287561",
  "domain": "inspector",
  "endpoint": "/api/v1/inspector/documents/2/preview",
  "method": "GET",
  "error_type": "Exception",
  "error_message": "Could not validate credentials - authentication failed",
  "status_code": 401,
  "user_id": null,
  "stack_trace": "NoneType: None\n"
}
2025-09-27 04:50:56,321 - domain.inspector - ERROR - [log_api_error:140] - {
  "timestamp": "2025-09-27T04:50:56.321444",
  "domain": "inspector",
  "endpoint": "/api/v1/inspector/documents/3/preview",
  "method": "GET",
  "error_type": "Exception",
  "error_message": "Could not validate credentials - authentication failed",
  "status_code": 401,
  "user_id": null,
  "stack_trace": "NoneType: None\n"
}
2025-09-27 04:50:57,297 - domain.inspector - ERROR - [log_api_error:140] - {
  "timestamp": "2025-09-27T04:50:57.297670",
  "domain": "inspector",
  "endpoint": "/api/v1/inspector/documents/2/preview",
  "method": "GET",
  "error_type": "Exception",
  "error_message": "Could not validate credentials - authentication failed",
  "status_code": 401,
  "user_id": null,
  "stack_trace": "NoneType: None\n"
}
2025-09-27 04:50:57,455 - domain.inspector - ERROR - [log_api_error:140] - {
  "timestamp": "2025-09-27T04:50:57.455102",
  "domain": "inspector",
  "endpoint": "/api/v1/inspector/documents/3/preview",
  "method": "GET",
  "error_type": "Exception",
  "error_message": "Could not validate credentials - authentication failed",
  "status_code": 401,
  "user_id": null,
  "stack_trace": "NoneType: None\n"
}
2025-09-27 04:51:07,821 - domain.inspector - ERROR - [log_api_error:140] - {
  "timestamp": "2025-09-27T04:51:07.821449",
  "domain": "inspector",
  "endpoint": "/api/v1/inspector/documents/2/preview",
  "method": "GET",
  "error_type": "Exception",
  "error_message": "Could not validate credentials - authentication failed",
  "status_code": 401,
  "user_id": null,
  "stack_trace": "NoneType: None\n"
}
2025-09-27 04:51:07,831 - domain.inspector - ERROR - [log_api_error:140] - {
  "timestamp": "2025-09-27T04:51:07.831448",
  "domain": "inspector",
  "endpoint": "/api/v1/inspector/documents/3/preview",
  "method": "GET",
  "error_type": "Exception",
  "error_message": "Could not validate credentials - authentication failed",
  "status_code": 401,
  "user_id": null,
  "stack_trace": "NoneType: None\n"
}
2025-09-27 04:51:18,575 - domain.inspector - ERROR - [log_api_error:140] - {
  "timestamp": "2025-09-27T04:51:18.575499",
  "domain": "inspector",
  "endpoint": "/api/v1/inspector/documents/2/preview",
  "method": "GET",
  "error_type": "Exception",
  "error_message": "Could not validate credentials - authentication failed",
  "status_code": 401,
  "user_id": null,
  "stack_trace": "NoneType: None\n"
}
2025-09-27 04:51:18,603 - domain.inspector - ERROR - [log_api_error:140] - {
  "timestamp": "2025-09-27T04:51:18.603503",
  "domain": "inspector",
  "endpoint": "/api/v1/inspector/documents/3/preview",
  "method": "GET",
  "error_type": "Exception",
  "error_message": "Could not validate credentials - authentication failed",
  "status_code": 401,
  "user_id": null,
  "stack_trace": "NoneType: None\n"
}
2025-09-27 04:51:22,399 - domain.inspector - ERROR - [log_api_error:140] - {
  "timestamp": "2025-09-27T04:51:22.399204",
  "domain": "inspector",
  "endpoint": "/api/v1/inspector/documents/2/preview",
  "method": "GET",
  "error_type": "Exception",
  "error_message": "Could not validate credentials - authentication failed",
  "status_code": 401,
  "user_id": null,
  "stack_trace": "NoneType: None\n"
}
2025-09-27 04:51:22,502 - domain.inspector - ERROR - [log_api_error:140] - {
  "timestamp": "2025-09-27T04:51:22.502016",
  "domain": "inspector",
  "endpoint": "/api/v1/inspector/documents/3/preview",
  "method": "GET",
  "error_type": "Exception",
  "error_message": "Could not validate credentials - authentication failed",
  "status_code": 401,
  "user_id": null,
  "stack_trace": "NoneType: None\n"
}
2025-09-27 04:51:40,223 - domain.inspector - ERROR - [log_api_error:140] - {
  "timestamp": "2025-09-27T04:51:40.223340",
  "domain": "inspector",
  "endpoint": "/api/v1/inspector/documents/3/preview",
  "method": "GET",
  "error_type": "Exception",
  "error_message": "Could not validate credentials - authentication failed",
  "status_code": 401,
  "user_id": null,
  "stack_trace": "NoneType: None\n"
}
2025-09-27 04:51:40,226 - domain.inspector - ERROR - [log_api_error:140] - {
  "timestamp": "2025-09-27T04:51:40.226338",
  "domain": "inspector",
  "endpoint": "/api/v1/inspector/documents/2/preview",
  "method": "GET",
  "error_type": "Exception",
  "error_message": "Could not validate credentials - authentication failed",
  "status_code": 401,
  "user_id": null,
  "stack_trace": "NoneType: None\n"
}
2025-09-27 04:51:57,100 - domain.inspector - ERROR - [log_api_error:140] - {
  "timestamp": "2025-09-27T04:51:57.100893",
  "domain": "inspector",
  "endpoint": "/api/v1/inspector/documents/2/preview",
  "method": "GET",
  "error_type": "Exception",
  "error_message": "Could not validate credentials - authentication failed",
  "status_code": 401,
  "user_id": null,
  "stack_trace": "NoneType: None\n"
}
2025-09-27 04:51:57,112 - domain.inspector - ERROR - [log_api_error:140] - {
  "timestamp": "2025-09-27T04:51:57.111981",
  "domain": "inspector",
  "endpoint": "/api/v1/inspector/documents/3/preview",
  "method": "GET",
  "error_type": "Exception",
  "error_message": "Could not validate credentials - authentication failed",
  "status_code": 401,
  "user_id": null,
  "stack_trace": "NoneType: None\n"
}
2025-09-27 04:52:13,506 - domain.inspector - ERROR - [log_api_error:140] - {
  "timestamp": "2025-09-27T04:52:13.505935",
  "domain": "inspector",
  "endpoint": "/api/v1/inspector/documents/3/preview",
  "method": "GET",
  "error_type": "Exception",
  "error_message": "Could not validate credentials - authentication failed",
  "status_code": 401,
  "user_id": null,
  "stack_trace": "NoneType: None\n"
}
2025-09-27 04:52:13,506 - domain.inspector - ERROR - [log_api_error:140] - {
  "timestamp": "2025-09-27T04:52:13.506940",
  "domain": "inspector",
  "endpoint": "/api/v1/inspector/documents/2/preview",
  "method": "GET",
  "error_type": "Exception",
  "error_message": "Could not validate credentials - authentication failed",
  "status_code": 401,
  "user_id": null,
  "stack_trace": "NoneType: None\n"
}
2025-09-27 04:52:24,093 - domain.inspector - ERROR - [log_api_error:140] - {
  "timestamp": "2025-09-27T04:52:24.092567",
  "domain": "inspector",
  "endpoint": "/api/v1/inspector/documents/2/preview",
  "method": "GET",
  "error_type": "Exception",
  "error_message": "Could not validate credentials - authentication failed",
  "status_code": 401,
  "user_id": null,
  "stack_trace": "NoneType: None\n"
}
2025-09-27 04:52:32,050 - domain.inspector - ERROR - [log_api_error:140] - {
  "timestamp": "2025-09-27T04:52:32.050642",
  "domain": "inspector",
  "endpoint": "/api/v1/inspector/documents/2/preview",
  "method": "GET",
  "error_type": "Exception",
  "error_message": "Could not validate credentials - authentication failed",
  "status_code": 401,
  "user_id": null,
  "stack_trace": "NoneType: None\n"
}
2025-09-27 04:52:32,058 - domain.inspector - ERROR - [log_api_error:140] - {
  "timestamp": "2025-09-27T04:52:32.058685",
  "domain": "inspector",
  "endpoint": "/api/v1/inspector/documents/3/preview",
  "method": "GET",
  "error_type": "Exception",
  "error_message": "Could not validate credentials - authentication failed",
  "status_code": 401,
  "user_id": null,
  "stack_trace": "NoneType: None\n"
}
2025-09-27 04:52:42,425 - domain.inspector - ERROR - [log_api_error:140] - {
  "timestamp": "2025-09-27T04:52:42.424153",
  "domain": "inspector",
  "endpoint": "/api/v1/inspector/documents/2/preview",
  "method": "GET",
  "error_type": "Exception",
  "error_message": "Could not validate credentials - authentication failed",
  "status_code": 401,
  "user_id": null,
  "stack_trace": "NoneType: None\n"
}
2025-09-27 04:52:42,433 - domain.inspector - ERROR - [log_api_error:140] - {
  "timestamp": "2025-09-27T04:52:42.433264",
  "domain": "inspector",
  "endpoint": "/api/v1/inspector/documents/3/preview",
  "method": "GET",
  "error_type": "Exception",
  "error_message": "Could not validate credentials - authentication failed",
  "status_code": 401,
  "user_id": null,
  "stack_trace": "NoneType: None\n"
}
2025-09-27 04:52:48,478 - domain.inspector - ERROR - [log_api_error:140] - {
  "timestamp": "2025-09-27T04:52:48.478937",
  "domain": "inspector",
  "endpoint": "/api/v1/inspector/documents/2/preview",
  "method": "GET",
  "error_type": "Exception",
  "error_message": "Could not validate credentials - authentication failed",
  "status_code": 401,
  "user_id": null,
  "stack_trace": "NoneType: None\n"
}
2025-09-27 04:52:48,480 - domain.inspector - ERROR - [log_api_error:140] - {
  "timestamp": "2025-09-27T04:52:48.480582",
  "domain": "inspector",
  "endpoint": "/api/v1/inspector/documents/3/preview",
  "method": "GET",
  "error_type": "Exception",
  "error_message": "Could not validate credentials - authentication failed",
  "status_code": 401,
  "user_id": null,
  "stack_trace": "NoneType: None\n"
}
2025-09-27 04:53:39,354 - domain.inspector - ERROR - [log_api_error:140] - {
  "timestamp": "2025-09-27T04:53:39.354117",
  "domain": "inspector",
  "endpoint": "/api/v1/inspector/documents/2/preview",
  "method": "GET",
  "error_type": "Exception",
  "error_message": "Could not validate credentials - authentication failed",
  "status_code": 401,
  "user_id": null,
  "stack_trace": "NoneType: None\n"
}
2025-09-27 04:53:39,358 - domain.inspector - ERROR - [log_api_error:140] - {
  "timestamp": "2025-09-27T04:53:39.358466",
  "domain": "inspector",
  "endpoint": "/api/v1/inspector/documents/3/preview",
  "method": "GET",
  "error_type": "Exception",
  "error_message": "Could not validate credentials - authentication failed",
  "status_code": 401,
  "user_id": null,
  "stack_trace": "NoneType: None\n"
}
2025-09-27 04:55:41,345 - domain.inspector - ERROR - [log_api_error:140] - {
  "timestamp": "2025-09-27T04:55:41.345507",
  "domain": "inspector",
  "endpoint": "/api/v1/inspector/documents/2/preview",
  "method": "GET",
  "error_type": "Exception",
  "error_message": "Could not validate credentials - authentication failed",
  "status_code": 401,
  "user_id": null,
  "stack_trace": "NoneType: None\n"
}
2025-09-27 04:55:41,346 - domain.inspector - ERROR - [log_api_error:140] - {
  "timestamp": "2025-09-27T04:55:41.345507",
  "domain": "inspector",
  "endpoint": "/api/v1/inspector/documents/3/preview",
  "method": "GET",
  "error_type": "Exception",
  "error_message": "Could not validate credentials - authentication failed",
  "status_code": 401,
  "user_id": null,
  "stack_trace": "NoneType: None\n"
}
2025-09-27 04:55:52,641 - domain.inspector - ERROR - [log_api_error:140] - {
  "timestamp": "2025-09-27T04:55:52.641308",
  "domain": "inspector",
  "endpoint": "/api/v1/inspector/documents/2/preview",
  "method": "GET",
  "error_type": "Exception",
  "error_message": "Could not validate credentials - authentication failed",
  "status_code": 401,
  "user_id": null,
  "stack_trace": "NoneType: None\n"
}
2025-09-27 04:55:53,424 - domain.inspector - ERROR - [log_api_error:140] - {
  "timestamp": "2025-09-27T04:55:53.424908",
  "domain": "inspector",
  "endpoint": "/api/v1/inspector/documents/3/preview",
  "method": "GET",
  "error_type": "Exception",
  "error_message": "Could not validate credentials - authentication failed",
  "status_code": 401,
  "user_id": null,
  "stack_trace": "NoneType: None\n"
}
2025-09-27 04:57:04,917 - domain.inspector - ERROR - [log_api_error:140] - {
  "timestamp": "2025-09-27T04:57:04.917898",
  "domain": "inspector",
  "endpoint": "/api/v1/inspector/documents/2/preview",
  "method": "GET",
  "error_type": "Exception",
  "error_message": "Could not validate credentials - authentication failed",
  "status_code": 401,
  "user_id": null,
  "stack_trace": "NoneType: None\n"
}
2025-09-27 04:57:05,065 - domain.inspector - ERROR - [log_api_error:140] - {
  "timestamp": "2025-09-27T04:57:05.058287",
  "domain": "inspector",
  "endpoint": "/api/v1/inspector/documents/3/preview",
  "method": "GET",
  "error_type": "Exception",
  "error_message": "Could not validate credentials - authentication failed",
  "status_code": 401,
  "user_id": null,
  "stack_trace": "NoneType: None\n"
}
